<?xml version="1.0" encoding="UTF-8"?>
<!-- Generated by org.testng.reporters.JUnitXMLReporter -->
<testsuite ignored="0" hostname="WKWZTP9hkzSNER5" failures="0" tests="4" name="Test" time="50.567" errors="0" timestamp="2022-11-29T21:21:23 IST">
  <testcase classname="jenkins.BrowserStack" name="@BeforeMethod setup" time="-1.669737032768E9">
    <failure type="org.testng.TestNGException" message="
Parameter &amp;apos;os&amp;apos; is required by BeforeMethod on method setup but has not been marked @Optional or defined
in C:\Users\anam\eclipse-workspace\SeleniumTraining\testng.xml">
      <![CDATA[org.testng.TestNGException: 
Parameter 'os' is required by BeforeMethod on method setup but has not been marked @Optional or defined
in C:\Users\anam\eclipse-workspace\SeleniumTraining\testng.xml
at java.base/java.util.ArrayList.forEach(ArrayList.java:1511)
... Removed 28 stack frames]]>
    </failure>
  </testcase> <!-- @BeforeMethod setup -->
  <testcase classname="jenkins.BrowserStack" name="@AfterMethod tearDown" time="-1.669737032781E9">
    <skipped/>
  </testcase> <!-- @AfterMethod tearDown -->
  <testcase classname="jenkins.BrowserStack" name="testURL" time="0.0">
    <skipped/>
  </testcase> <!-- testURL -->
  <testcase classname="jenkins.SmokeTest" name="RightPassword" time="6.688"/>
  <testcase classname="jenkins.SmokeTest" name="WrongPassword" time="1.266"/>
  <testcase classname="jenkins.SmokeTest" name="verifyBlank" time="0.201"/>
</testsuite> <!-- Test -->
